<?xml version="1.0" encoding="UTF-8"?>
<testng-results ignored="0" total="1" passed="1" failed="0" skipped="0">
  <reporter-output>
  </reporter-output>
  <suite started-at="2023-02-14T12:52:57 CST" name="Default suite" finished-at="2023-02-14T12:52:57 CST" duration-ms="828">
    <groups>
    </groups>
    <test started-at="2023-02-14T12:52:57 CST" name="Default test" finished-at="2023-02-14T12:52:57 CST" duration-ms="828">
      <class name="tests.Test1">
        <test-method is-config="true" signature="setUpClass()[pri:0, instance:tests.Test1@2e6ba49a]" started-at="2023-02-14T12:52:57 CST" name="setUpClass" finished-at="2023-02-14T12:52:57 CST" duration-ms="780" status="PASS">
          <reporter-output>
          </reporter-output>
        </test-method> <!-- setUpClass -->
        <test-method signature="test()[pri:0, instance:tests.Test1@2e6ba49a]" started-at="2023-02-14T12:52:57 CST" name="test" finished-at="2023-02-14T12:52:57 CST" duration-ms="6" status="PASS">
          <reporter-output>
          </reporter-output>
        </test-method> <!-- test -->
      </class> <!-- tests.Test1 -->
    </test> <!-- Default test -->
  </suite> <!-- Default suite -->
</testng-results>
