<?xml version="1.0" encoding="UTF-8"?>
<testng-results ignored="0" total="8" passed="7" failed="1" skipped="0">
  <reporter-output>
  </reporter-output>
  <suite started-at="2023-02-15T10:48:56 CST" name="Suite" finished-at="2023-02-15T10:50:03 CST" duration-ms="66493">
    <groups>
    </groups>
    <test started-at="2023-02-15T10:48:56 CST" name="Test" finished-at="2023-02-15T10:50:03 CST" duration-ms="66493">
      <class name="tests.TermsAndConditions">
        <test-method is-config="true" signature="setUpClass()[pri:0, instance:tests.TermsAndConditions@6c64cb25]" started-at="2023-02-15T10:49:43 CST" name="setUpClass" finished-at="2023-02-15T10:49:48 CST" duration-ms="4589" status="PASS">
          <reporter-output>
          </reporter-output>
        </test-method> <!-- setUpClass -->
        <test-method signature="run()[pri:0, instance:tests.TermsAndConditions@6c64cb25]" started-at="2023-02-15T10:49:48 CST" name="run" finished-at="2023-02-15T10:50:03 CST" duration-ms="15066" status="PASS">
          <reporter-output>
          </reporter-output>
        </test-method> <!-- run -->
      </class> <!-- tests.TermsAndConditions -->
      <class name="tests.TestCases1_3">
        <test-method is-config="true" signature="setUpClass()[pri:0, instance:tests.TestCases1_3@515aebb0]" started-at="2023-02-15T10:49:39 CST" name="setUpClass" finished-at="2023-02-15T10:49:42 CST" duration-ms="2562" status="PASS">
          <reporter-output>
          </reporter-output>
        </test-method> <!-- setUpClass -->
        <test-method signature="mainPageProducts()[pri:0, instance:tests.TestCases1_3@515aebb0]" started-at="2023-02-15T10:49:42 CST" name="mainPageProducts" finished-at="2023-02-15T10:49:42 CST" duration-ms="16" status="PASS">
          <reporter-output>
          </reporter-output>
        </test-method> <!-- mainPageProducts -->
        <test-method signature="productDetails()[pri:0, instance:tests.TestCases1_3@515aebb0]" started-at="2023-02-15T10:49:42 CST" name="productDetails" finished-at="2023-02-15T10:49:43 CST" depends-on-methods="tests.TestCases1_3.mainPageProducts" duration-ms="1014" status="PASS">
          <reporter-output>
          </reporter-output>
        </test-method> <!-- productDetails -->
        <test-method signature="productQuantity()[pri:0, instance:tests.TestCases1_3@515aebb0]" started-at="2023-02-15T10:49:43 CST" name="productQuantity" finished-at="2023-02-15T10:49:43 CST" depends-on-methods="tests.TestCases1_3.productDetails" duration-ms="178" status="PASS">
          <reporter-output>
          </reporter-output>
        </test-method> <!-- productQuantity -->
      </class> <!-- tests.TestCases1_3 -->
      <class name="tests.SortProducts">
        <test-method is-config="true" signature="setUpClass()[pri:0, instance:tests.SortProducts@6d763516]" started-at="2023-02-15T10:49:35 CST" name="setUpClass" finished-at="2023-02-15T10:49:38 CST" duration-ms="3330" status="PASS">
          <reporter-output>
          </reporter-output>
        </test-method> <!-- setUpClass -->
        <test-method signature="run()[pri:0, instance:tests.SortProducts@6d763516]" started-at="2023-02-15T10:49:38 CST" name="run" finished-at="2023-02-15T10:49:39 CST" duration-ms="1129" status="PASS">
          <reporter-output>
          </reporter-output>
        </test-method> <!-- run -->
      </class> <!-- tests.SortProducts -->
      <class name="tests.ProductTest">
        <test-method is-config="true" signature="setUpClass()[pri:0, instance:tests.ProductTest@2a798d51]" started-at="2023-02-15T10:49:14 CST" name="setUpClass" finished-at="2023-02-15T10:49:17 CST" duration-ms="2859" status="PASS">
          <reporter-output>
          </reporter-output>
        </test-method> <!-- setUpClass -->
        <test-method signature="addProductCar()[pri:0, instance:tests.ProductTest@2a798d51]" started-at="2023-02-15T10:49:17 CST" name="addProductCar" finished-at="2023-02-15T10:49:25 CST" duration-ms="7969" status="PASS">
          <reporter-output>
          </reporter-output>
        </test-method> <!-- addProductCar -->
        <test-method signature="testHotItem()[pri:0, instance:tests.ProductTest@2a798d51]" started-at="2023-02-15T10:49:25 CST" name="testHotItem" finished-at="2023-02-15T10:49:35 CST" duration-ms="9781" status="FAIL">
          <exception class="org.openqa.selenium.ElementClickInterceptedException">
            <message>
              <![CDATA[element click intercepted: Element <img src="https://academybugs.com/wp-content/uploads/2020/06/product-accessory2.jpg" \=""> is not clickable at point (1087, 510). Other element would receive the click: <div id="cc-window" data-nosnippet="true" role="dialog" aria-live="polite" aria-label="cookieconsent" aria-describedby="cookieconsent:desc" class="cc-window cc-floating cc-type-opt-in cc-theme-minimal cc-bottom cc-right cc-color-override--123706181  cmplz-categories-no" style="">...</div>
  (Session info: chrome=110.0.5481.96)
Build info: version: '4.8.0', revision: '267030adea'
System info: os.name: 'Windows 10', os.arch: 'amd64', os.version: '10.0', java.version: '17.0.5'
Driver info: org.openqa.selenium.chrome.ChromeDriver
Command: [75a260bd4e0888b75287b51b3acad4da, clickElement {id=a0b4100f-6f36-462e-a1d6-31dfe720ccb2}]
Capabilities {acceptInsecureCerts: false, browserName: chrome, browserVersion: 110.0.5481.96, chrome: {chromedriverVersion: 109.0.5414.74 (e7c5703604da..., userDataDir: C:\Users\ERICKJ~1.GUZ\AppDa...}, goog:chromeOptions: {debuggerAddress: localhost:64585}, networkConnectionEnabled: false, pageLoadStrategy: normal, platformName: WINDOWS, proxy: Proxy(), se:cdp: ws://localhost:64585/devtoo..., se:cdpVersion: 110.0.5481.96, setWindowRect: true, strictFileInteractability: false, timeouts: {implicit: 0, pageLoad: 300000, script: 30000}, unhandledPromptBehavior: dismiss and notify, webauthn:extension:credBlob: true, webauthn:extension:largeBlob: true, webauthn:virtualAuthenticators: true}
Element: [[ChromeDriver: chrome on WINDOWS (75a260bd4e0888b75287b51b3acad4da)] -> xpath: //*[@id="ec_image_product_widget_anchor-bracelet_1_0"]/img]
Session ID: 75a260bd4e0888b75287b51b3acad4da]]>
            </message>
            <full-stacktrace>
              <![CDATA[org.openqa.selenium.ElementClickInterceptedException: element click intercepted: Element <img src="https://academybugs.com/wp-content/uploads/2020/06/product-accessory2.jpg" \=""> is not clickable at point (1087, 510). Other element would receive the click: <div id="cc-window" data-nosnippet="true" role="dialog" aria-live="polite" aria-label="cookieconsent" aria-describedby="cookieconsent:desc" class="cc-window cc-floating cc-type-opt-in cc-theme-minimal cc-bottom cc-right cc-color-override--123706181  cmplz-categories-no" style="">...</div>
  (Session info: chrome=110.0.5481.96)
Build info: version: '4.8.0', revision: '267030adea'
System info: os.name: 'Windows 10', os.arch: 'amd64', os.version: '10.0', java.version: '17.0.5'
Driver info: org.openqa.selenium.chrome.ChromeDriver
Command: [75a260bd4e0888b75287b51b3acad4da, clickElement {id=a0b4100f-6f36-462e-a1d6-31dfe720ccb2}]
Capabilities {acceptInsecureCerts: false, browserName: chrome, browserVersion: 110.0.5481.96, chrome: {chromedriverVersion: 109.0.5414.74 (e7c5703604da..., userDataDir: C:\Users\ERICKJ~1.GUZ\AppDa...}, goog:chromeOptions: {debuggerAddress: localhost:64585}, networkConnectionEnabled: false, pageLoadStrategy: normal, platformName: WINDOWS, proxy: Proxy(), se:cdp: ws://localhost:64585/devtoo..., se:cdpVersion: 110.0.5481.96, setWindowRect: true, strictFileInteractability: false, timeouts: {implicit: 0, pageLoad: 300000, script: 30000}, unhandledPromptBehavior: dismiss and notify, webauthn:extension:credBlob: true, webauthn:extension:largeBlob: true, webauthn:virtualAuthenticators: true}
Element: [[ChromeDriver: chrome on WINDOWS (75a260bd4e0888b75287b51b3acad4da)] -> xpath: //*[@id="ec_image_product_widget_anchor-bracelet_1_0"]/img]
Session ID: 75a260bd4e0888b75287b51b3acad4da
at java.base/jdk.internal.reflect.NativeConstructorAccessorImpl.newInstance0(Native Method)
at java.base/jdk.internal.reflect.NativeConstructorAccessorImpl.newInstance(NativeConstructorAccessorImpl.java:77)
at java.base/jdk.internal.reflect.DelegatingConstructorAccessorImpl.newInstance(DelegatingConstructorAccessorImpl.java:45)
at java.base/java.lang.reflect.Constructor.newInstanceWithCaller(Constructor.java:499)
at java.base/java.lang.reflect.Constructor.newInstance(Constructor.java:480)
at org.openqa.selenium.remote.codec.w3c.W3CHttpResponseCodec.createException(W3CHttpResponseCodec.java:200)
at org.openqa.selenium.remote.codec.w3c.W3CHttpResponseCodec.decode(W3CHttpResponseCodec.java:133)
at org.openqa.selenium.remote.codec.w3c.W3CHttpResponseCodec.decode(W3CHttpResponseCodec.java:53)
at org.openqa.selenium.remote.HttpCommandExecutor.execute(HttpCommandExecutor.java:184)
at org.openqa.selenium.remote.service.DriverCommandExecutor.invokeExecute(DriverCommandExecutor.java:167)
at org.openqa.selenium.remote.service.DriverCommandExecutor.execute(DriverCommandExecutor.java:142)
at org.openqa.selenium.remote.RemoteWebDriver.execute(RemoteWebDriver.java:543)
at org.openqa.selenium.remote.RemoteWebElement.execute(RemoteWebElement.java:257)
at org.openqa.selenium.remote.RemoteWebElement.click(RemoteWebElement.java:78)
at tests.ProductTest.testHotItem(ProductTest.java:39)
at java.base/jdk.internal.reflect.NativeMethodAccessorImpl.invoke0(Native Method)
at java.base/jdk.internal.reflect.NativeMethodAccessorImpl.invoke(NativeMethodAccessorImpl.java:77)
at java.base/jdk.internal.reflect.DelegatingMethodAccessorImpl.invoke(DelegatingMethodAccessorImpl.java:43)
at java.base/java.lang.reflect.Method.invoke(Method.java:568)
at org.testng.internal.MethodInvocationHelper.invokeMethod(MethodInvocationHelper.java:133)
at org.testng.internal.TestInvoker.invokeMethod(TestInvoker.java:598)
at org.testng.internal.TestInvoker.invokeTestMethod(TestInvoker.java:173)
at org.testng.internal.MethodRunner.runInSequence(MethodRunner.java:46)
at org.testng.internal.TestInvoker$MethodInvocationAgent.invoke(TestInvoker.java:824)
at org.testng.internal.TestInvoker.invokeTestMethods(TestInvoker.java:146)
at org.testng.internal.TestMethodWorker.invokeTestMethods(TestMethodWorker.java:146)
at org.testng.internal.TestMethodWorker.run(TestMethodWorker.java:128)
at java.base/java.util.ArrayList.forEach(ArrayList.java:1511)
at org.testng.TestRunner.privateRun(TestRunner.java:794)
at org.testng.TestRunner.run(TestRunner.java:596)
at org.testng.SuiteRunner.runTest(SuiteRunner.java:377)
at org.testng.SuiteRunner.runSequentially(SuiteRunner.java:371)
at org.testng.SuiteRunner.privateRun(SuiteRunner.java:332)
at org.testng.SuiteRunner.run(SuiteRunner.java:276)
at org.testng.SuiteRunnerWorker.runSuite(SuiteRunnerWorker.java:53)
at org.testng.SuiteRunnerWorker.run(SuiteRunnerWorker.java:96)
at org.testng.TestNG.runSuitesSequentially(TestNG.java:1212)
at org.testng.TestNG.runSuitesLocally(TestNG.java:1134)
at org.testng.TestNG.runSuites(TestNG.java:1063)
at org.testng.TestNG.run(TestNG.java:1031)
at org.testng.remote.AbstractRemoteTestNG.run(AbstractRemoteTestNG.java:115)
at org.testng.remote.RemoteTestNG.initAndRun(RemoteTestNG.java:251)
at org.testng.remote.RemoteTestNG.main(RemoteTestNG.java:77)
]]>
            </full-stacktrace>
          </exception> <!-- org.openqa.selenium.ElementClickInterceptedException -->
          <reporter-output>
          </reporter-output>
        </test-method> <!-- testHotItem -->
      </class> <!-- tests.ProductTest -->
      <class name="tests.SearchItem">
        <test-method is-config="true" signature="setUpClass()[pri:0, instance:tests.SearchItem@9f116cc]" started-at="2023-02-15T10:48:56 CST" name="setUpClass" finished-at="2023-02-15T10:49:00 CST" duration-ms="3876" status="PASS">
          <reporter-output>
          </reporter-output>
        </test-method> <!-- setUpClass -->
        <test-method signature="RunTC06()[pri:0, instance:tests.SearchItem@9f116cc]" started-at="2023-02-15T10:49:00 CST" name="RunTC06" finished-at="2023-02-15T10:49:14 CST" duration-ms="14039" status="PASS">
          <reporter-output>
          </reporter-output>
        </test-method> <!-- RunTC06 -->
      </class> <!-- tests.SearchItem -->
    </test> <!-- Test -->
  </suite> <!-- Suite -->
</testng-results>
