<?xml version="1.0" encoding="UTF-8"?>
<testng-results ignored="0" total="9" passed="7" failed="2" skipped="0">
  <reporter-output>
  </reporter-output>
  <suite started-at="2023-02-16T14:02:27 CST" name="Default suite" finished-at="2023-02-16T14:03:20 CST" duration-ms="52638">
    <groups>
    </groups>
    <test started-at="2023-02-16T14:02:27 CST" name="Default test" finished-at="2023-02-16T14:03:20 CST" duration-ms="52638">
      <class name="tests.ProductTest">
        <test-method is-config="true" signature="setUpClass()[pri:0, instance:tests.ProductTest@6c64cb25]" started-at="2023-02-16T14:02:27 CST" name="setUpClass" finished-at="2023-02-16T14:02:31 CST" duration-ms="4546" status="PASS">
          <reporter-output>
          </reporter-output>
        </test-method> <!-- setUpClass -->
        <test-method signature="TC01()[pri:1, instance:tests.ProductTest@6c64cb25]" started-at="2023-02-16T14:02:31 CST" name="TC01" description="Products displayed on main page" finished-at="2023-02-16T14:02:38 CST" duration-ms="6049" status="PASS">
          <reporter-output>
          </reporter-output>
        </test-method> <!-- TC01 -->
        <test-method signature="TC02()[pri:2, instance:tests.ProductTest@6c64cb25]" started-at="2023-02-16T14:02:38 CST" name="TC02" description="Product clicked should be display detailed information" finished-at="2023-02-16T14:02:42 CST" duration-ms="4147" status="PASS">
          <reporter-output>
          </reporter-output>
        </test-method> <!-- TC02 -->
        <test-method signature="TC03()[pri:3, instance:tests.ProductTest@6c64cb25]" started-at="2023-02-16T14:02:42 CST" name="TC03" description="Product details, quantity selected and currency selection" finished-at="2023-02-16T14:02:43 CST" duration-ms="1641" status="PASS">
          <reporter-output>
          </reporter-output>
        </test-method> <!-- TC03 -->
        <test-method signature="TC05()[pri:4, instance:tests.ProductTest@6c64cb25]" started-at="2023-02-16T14:02:43 CST" name="TC05" description="Validate that the user is able to add a product to the Car" finished-at="2023-02-16T14:02:49 CST" duration-ms="6091" status="PASS">
          <reporter-output>
          </reporter-output>
        </test-method> <!-- TC05 -->
        <test-method signature="TC10_2()[pri:5, instance:tests.ProductTest@6c64cb25]" started-at="2023-02-16T14:02:49 CST" name="TC10_2" description="Validate that the user is able to delete a product from the Car" finished-at="2023-02-16T14:02:51 CST" duration-ms="1565" status="PASS">
          <reporter-output>
          </reporter-output>
        </test-method> <!-- TC10_2 -->
        <test-method signature="TC06()[pri:6, instance:tests.ProductTest@6c64cb25]" started-at="2023-02-16T14:02:51 CST" name="TC06" description="Validate that the user is able to search a product" finished-at="2023-02-16T14:03:05 CST" duration-ms="13570" status="PASS">
          <reporter-output>
          </reporter-output>
        </test-method> <!-- TC06 -->
        <test-method signature="TC10_1()[pri:7, instance:tests.ProductTest@6c64cb25]" started-at="2023-02-16T14:03:05 CST" name="TC10_1" description="Validate that the user is able to see a hot item" finished-at="2023-02-16T14:03:13 CST" duration-ms="8890" status="FAIL">
          <exception class="org.openqa.selenium.ElementClickInterceptedException">
            <message>
              <![CDATA[element click intercepted: Element <img src="https://academybugs.com/wp-content/uploads/2020/06/product-accessory2.jpg" \=""> is not clickable at point (1087, 510). Other element would receive the click: <div id="cc-window" data-nosnippet="true" role="dialog" aria-live="polite" aria-label="cookieconsent" aria-describedby="cookieconsent:desc" class="cc-window cc-floating cc-type-opt-in cc-theme-minimal cc-bottom cc-right cc-color-override--123706181  cmplz-categories-no" style="">...</div>
  (Session info: chrome=110.0.5481.96)
Build info: version: '4.8.0', revision: '267030adea'
System info: os.name: 'Windows 10', os.arch: 'amd64', os.version: '10.0', java.version: '17.0.5'
Driver info: org.openqa.selenium.chrome.ChromeDriver
Command: [f489119fc1275aa85bf961314b60e746, clickElement {id=4d22b82b-c80f-40db-abeb-6d4003899b8a}]
Capabilities {acceptInsecureCerts: false, browserName: chrome, browserVersion: 110.0.5481.96, chrome: {chromedriverVersion: 109.0.5414.74 (e7c5703604da..., userDataDir: C:\Users\ERICKJ~1.GUZ\AppDa...}, goog:chromeOptions: {debuggerAddress: localhost:65057}, networkConnectionEnabled: false, pageLoadStrategy: normal, platformName: WINDOWS, proxy: Proxy(), se:cdp: ws://localhost:65057/devtoo..., se:cdpVersion: 110.0.5481.96, setWindowRect: true, strictFileInteractability: false, timeouts: {implicit: 0, pageLoad: 300000, script: 30000}, unhandledPromptBehavior: dismiss and notify, webauthn:extension:credBlob: true, webauthn:extension:largeBlob: true, webauthn:virtualAuthenticators: true}
Element: [[ChromeDriver: chrome on WINDOWS (f489119fc1275aa85bf961314b60e746)] -> xpath: //*[@id="ec_image_product_widget_anchor-bracelet_1_0"]/img]
Session ID: f489119fc1275aa85bf961314b60e746]]>
            </message>
            <full-stacktrace>
              <![CDATA[org.openqa.selenium.ElementClickInterceptedException: element click intercepted: Element <img src="https://academybugs.com/wp-content/uploads/2020/06/product-accessory2.jpg" \=""> is not clickable at point (1087, 510). Other element would receive the click: <div id="cc-window" data-nosnippet="true" role="dialog" aria-live="polite" aria-label="cookieconsent" aria-describedby="cookieconsent:desc" class="cc-window cc-floating cc-type-opt-in cc-theme-minimal cc-bottom cc-right cc-color-override--123706181  cmplz-categories-no" style="">...</div>
  (Session info: chrome=110.0.5481.96)
Build info: version: '4.8.0', revision: '267030adea'
System info: os.name: 'Windows 10', os.arch: 'amd64', os.version: '10.0', java.version: '17.0.5'
Driver info: org.openqa.selenium.chrome.ChromeDriver
Command: [f489119fc1275aa85bf961314b60e746, clickElement {id=4d22b82b-c80f-40db-abeb-6d4003899b8a}]
Capabilities {acceptInsecureCerts: false, browserName: chrome, browserVersion: 110.0.5481.96, chrome: {chromedriverVersion: 109.0.5414.74 (e7c5703604da..., userDataDir: C:\Users\ERICKJ~1.GUZ\AppDa...}, goog:chromeOptions: {debuggerAddress: localhost:65057}, networkConnectionEnabled: false, pageLoadStrategy: normal, platformName: WINDOWS, proxy: Proxy(), se:cdp: ws://localhost:65057/devtoo..., se:cdpVersion: 110.0.5481.96, setWindowRect: true, strictFileInteractability: false, timeouts: {implicit: 0, pageLoad: 300000, script: 30000}, unhandledPromptBehavior: dismiss and notify, webauthn:extension:credBlob: true, webauthn:extension:largeBlob: true, webauthn:virtualAuthenticators: true}
Element: [[ChromeDriver: chrome on WINDOWS (f489119fc1275aa85bf961314b60e746)] -> xpath: //*[@id="ec_image_product_widget_anchor-bracelet_1_0"]/img]
Session ID: f489119fc1275aa85bf961314b60e746
at java.base/jdk.internal.reflect.NativeConstructorAccessorImpl.newInstance0(Native Method)
at java.base/jdk.internal.reflect.NativeConstructorAccessorImpl.newInstance(NativeConstructorAccessorImpl.java:77)
at java.base/jdk.internal.reflect.DelegatingConstructorAccessorImpl.newInstance(DelegatingConstructorAccessorImpl.java:45)
at java.base/java.lang.reflect.Constructor.newInstanceWithCaller(Constructor.java:499)
at java.base/java.lang.reflect.Constructor.newInstance(Constructor.java:480)
at org.openqa.selenium.remote.codec.w3c.W3CHttpResponseCodec.createException(W3CHttpResponseCodec.java:200)
at org.openqa.selenium.remote.codec.w3c.W3CHttpResponseCodec.decode(W3CHttpResponseCodec.java:133)
at org.openqa.selenium.remote.codec.w3c.W3CHttpResponseCodec.decode(W3CHttpResponseCodec.java:53)
at org.openqa.selenium.remote.HttpCommandExecutor.execute(HttpCommandExecutor.java:184)
at org.openqa.selenium.remote.service.DriverCommandExecutor.invokeExecute(DriverCommandExecutor.java:167)
at org.openqa.selenium.remote.service.DriverCommandExecutor.execute(DriverCommandExecutor.java:142)
at org.openqa.selenium.remote.RemoteWebDriver.execute(RemoteWebDriver.java:543)
at org.openqa.selenium.remote.RemoteWebElement.execute(RemoteWebElement.java:257)
at org.openqa.selenium.remote.RemoteWebElement.click(RemoteWebElement.java:78)
at tests.ProductTest.TC10_1(ProductTest.java:108)
at java.base/jdk.internal.reflect.NativeMethodAccessorImpl.invoke0(Native Method)
at java.base/jdk.internal.reflect.NativeMethodAccessorImpl.invoke(NativeMethodAccessorImpl.java:77)
at java.base/jdk.internal.reflect.DelegatingMethodAccessorImpl.invoke(DelegatingMethodAccessorImpl.java:43)
at java.base/java.lang.reflect.Method.invoke(Method.java:568)
at org.testng.internal.MethodInvocationHelper.invokeMethod(MethodInvocationHelper.java:133)
at org.testng.internal.TestInvoker.invokeMethod(TestInvoker.java:598)
at org.testng.internal.TestInvoker.invokeTestMethod(TestInvoker.java:173)
at org.testng.internal.MethodRunner.runInSequence(MethodRunner.java:46)
at org.testng.internal.TestInvoker$MethodInvocationAgent.invoke(TestInvoker.java:824)
at org.testng.internal.TestInvoker.invokeTestMethods(TestInvoker.java:146)
at org.testng.internal.TestMethodWorker.invokeTestMethods(TestMethodWorker.java:146)
at org.testng.internal.TestMethodWorker.run(TestMethodWorker.java:128)
at java.base/java.util.ArrayList.forEach(ArrayList.java:1511)
at org.testng.TestRunner.privateRun(TestRunner.java:794)
at org.testng.TestRunner.run(TestRunner.java:596)
at org.testng.SuiteRunner.runTest(SuiteRunner.java:377)
at org.testng.SuiteRunner.runSequentially(SuiteRunner.java:371)
at org.testng.SuiteRunner.privateRun(SuiteRunner.java:332)
at org.testng.SuiteRunner.run(SuiteRunner.java:276)
at org.testng.SuiteRunnerWorker.runSuite(SuiteRunnerWorker.java:53)
at org.testng.SuiteRunnerWorker.run(SuiteRunnerWorker.java:96)
at org.testng.TestNG.runSuitesSequentially(TestNG.java:1212)
at org.testng.TestNG.runSuitesLocally(TestNG.java:1134)
at org.testng.TestNG.runSuites(TestNG.java:1063)
at org.testng.TestNG.run(TestNG.java:1031)
at org.testng.remote.AbstractRemoteTestNG.run(AbstractRemoteTestNG.java:115)
at org.testng.remote.RemoteTestNG.initAndRun(RemoteTestNG.java:251)
at org.testng.remote.RemoteTestNG.main(RemoteTestNG.java:77)
]]>
            </full-stacktrace>
          </exception> <!-- org.openqa.selenium.ElementClickInterceptedException -->
          <reporter-output>
          </reporter-output>
        </test-method> <!-- TC10_1 -->
        <test-method signature="TC08()[pri:8, instance:tests.ProductTest@6c64cb25]" started-at="2023-02-16T14:03:13 CST" name="TC08" description="validate if the user is able to sort products by a filter" finished-at="2023-02-16T14:03:19 CST" duration-ms="5462" status="PASS">
          <reporter-output>
          </reporter-output>
        </test-method> <!-- TC08 -->
        <test-method signature="TC09()[pri:9, instance:tests.ProductTest@6c64cb25]" started-at="2023-02-16T14:03:19 CST" name="TC09" description="Pagination table shows elements" finished-at="2023-02-16T14:03:20 CST" duration-ms="607" status="FAIL">
          <exception class="java.lang.Error">
            <message>
              <![CDATA[ERROR EXIST!!]]>
            </message>
            <full-stacktrace>
              <![CDATA[java.lang.Error: ERROR EXIST!!
at tests.ProductTest.TC09(ProductTest.java:139)
at java.base/jdk.internal.reflect.NativeMethodAccessorImpl.invoke0(Native Method)
at java.base/jdk.internal.reflect.NativeMethodAccessorImpl.invoke(NativeMethodAccessorImpl.java:77)
at java.base/jdk.internal.reflect.DelegatingMethodAccessorImpl.invoke(DelegatingMethodAccessorImpl.java:43)
at java.base/java.lang.reflect.Method.invoke(Method.java:568)
at org.testng.internal.MethodInvocationHelper.invokeMethod(MethodInvocationHelper.java:133)
at org.testng.internal.TestInvoker.invokeMethod(TestInvoker.java:598)
at org.testng.internal.TestInvoker.invokeTestMethod(TestInvoker.java:173)
at org.testng.internal.MethodRunner.runInSequence(MethodRunner.java:46)
at org.testng.internal.TestInvoker$MethodInvocationAgent.invoke(TestInvoker.java:824)
at org.testng.internal.TestInvoker.invokeTestMethods(TestInvoker.java:146)
at org.testng.internal.TestMethodWorker.invokeTestMethods(TestMethodWorker.java:146)
at org.testng.internal.TestMethodWorker.run(TestMethodWorker.java:128)
at java.base/java.util.ArrayList.forEach(ArrayList.java:1511)
at org.testng.TestRunner.privateRun(TestRunner.java:794)
at org.testng.TestRunner.run(TestRunner.java:596)
at org.testng.SuiteRunner.runTest(SuiteRunner.java:377)
at org.testng.SuiteRunner.runSequentially(SuiteRunner.java:371)
at org.testng.SuiteRunner.privateRun(SuiteRunner.java:332)
at org.testng.SuiteRunner.run(SuiteRunner.java:276)
at org.testng.SuiteRunnerWorker.runSuite(SuiteRunnerWorker.java:53)
at org.testng.SuiteRunnerWorker.run(SuiteRunnerWorker.java:96)
at org.testng.TestNG.runSuitesSequentially(TestNG.java:1212)
at org.testng.TestNG.runSuitesLocally(TestNG.java:1134)
at org.testng.TestNG.runSuites(TestNG.java:1063)
at org.testng.TestNG.run(TestNG.java:1031)
at org.testng.remote.AbstractRemoteTestNG.run(AbstractRemoteTestNG.java:115)
at org.testng.remote.RemoteTestNG.initAndRun(RemoteTestNG.java:251)
at org.testng.remote.RemoteTestNG.main(RemoteTestNG.java:77)
]]>
            </full-stacktrace>
          </exception> <!-- java.lang.Error -->
          <reporter-output>
          </reporter-output>
        </test-method> <!-- TC09 -->
      </class> <!-- tests.ProductTest -->
    </test> <!-- Default test -->
  </suite> <!-- Default suite -->
</testng-results>
