<?xml version="1.0" encoding="UTF-8"?>
<testng-results ignored="0" total="11" passed="10" failed="1" skipped="0">
  <reporter-output>
  </reporter-output>
  <suite started-at="2023-02-16T14:16:43 CST" name="Suite" finished-at="2023-02-16T14:18:10 CST" duration-ms="86470">
    <groups>
    </groups>
    <test started-at="2023-02-16T14:16:43 CST" name="Test" finished-at="2023-02-16T14:18:10 CST" duration-ms="86470">
      <class name="tests.TermsAndConditions">
        <test-method is-config="true" signature="setUpClass()[pri:0, instance:tests.TermsAndConditions@8f4ea7c]" started-at="2023-02-16T14:17:57 CST" name="setUpClass" finished-at="2023-02-16T14:18:00 CST" duration-ms="3353" status="PASS">
          <reporter-output>
          </reporter-output>
        </test-method> <!-- setUpClass -->
        <test-method signature="TC07()[pri:0, instance:tests.TermsAndConditions@8f4ea7c]" started-at="2023-02-16T14:18:00 CST" name="TC07" finished-at="2023-02-16T14:18:03 CST" duration-ms="3107" status="PASS">
          <reporter-output>
          </reporter-output>
        </test-method> <!-- TC07 -->
      </class> <!-- tests.TermsAndConditions -->
      <class name="tests.ProductTest">
        <test-method is-config="true" signature="setUpClass()[pri:0, instance:tests.ProductTest@595b007d]" started-at="2023-02-16T14:16:43 CST" name="setUpClass" finished-at="2023-02-16T14:17:05 CST" duration-ms="21887" status="PASS">
          <reporter-output>
          </reporter-output>
        </test-method> <!-- setUpClass -->
        <test-method signature="TC01()[pri:1, instance:tests.ProductTest@595b007d]" started-at="2023-02-16T14:17:05 CST" name="TC01" description="Products displayed on main page" finished-at="2023-02-16T14:17:11 CST" duration-ms="6071" status="PASS">
          <reporter-output>
          </reporter-output>
        </test-method> <!-- TC01 -->
        <test-method signature="TC02()[pri:2, instance:tests.ProductTest@595b007d]" started-at="2023-02-16T14:17:11 CST" name="TC02" description="Product clicked should be display detailed information" finished-at="2023-02-16T14:17:16 CST" duration-ms="4643" status="PASS">
          <reporter-output>
          </reporter-output>
        </test-method> <!-- TC02 -->
        <test-method signature="TC03()[pri:3, instance:tests.ProductTest@595b007d]" started-at="2023-02-16T14:17:16 CST" name="TC03" description="Product details, quantity selected and currency selection" finished-at="2023-02-16T14:17:18 CST" duration-ms="1623" status="PASS">
          <reporter-output>
          </reporter-output>
        </test-method> <!-- TC03 -->
        <test-method signature="TC05()[pri:4, instance:tests.ProductTest@595b007d]" started-at="2023-02-16T14:17:18 CST" name="TC05" description="Validate that the user is able to add a product to the Car" finished-at="2023-02-16T14:17:24 CST" duration-ms="6321" status="PASS">
          <reporter-output>
          </reporter-output>
        </test-method> <!-- TC05 -->
        <test-method signature="TC10_2()[pri:5, instance:tests.ProductTest@595b007d]" started-at="2023-02-16T14:17:24 CST" name="TC10_2" description="Validate that the user is able to delete a product from the Car" finished-at="2023-02-16T14:17:26 CST" duration-ms="1671" status="PASS">
          <reporter-output>
          </reporter-output>
        </test-method> <!-- TC10_2 -->
        <test-method signature="TC06()[pri:6, instance:tests.ProductTest@595b007d]" started-at="2023-02-16T14:17:26 CST" name="TC06" description="Validate that the user is able to search a product" finished-at="2023-02-16T14:17:38 CST" duration-ms="12813" status="PASS">
          <reporter-output>
          </reporter-output>
        </test-method> <!-- TC06 -->
        <test-method signature="TC10_1()[pri:7, instance:tests.ProductTest@595b007d]" started-at="2023-02-16T14:17:38 CST" name="TC10_1" description="Validate that the user is able to see a hot item" finished-at="2023-02-16T14:17:50 CST" duration-ms="11559" status="PASS">
          <reporter-output>
          </reporter-output>
        </test-method> <!-- TC10_1 -->
        <test-method signature="TC08()[pri:8, instance:tests.ProductTest@595b007d]" started-at="2023-02-16T14:17:50 CST" name="TC08" description="validate if the user is able to sort products by a filter" finished-at="2023-02-16T14:17:56 CST" duration-ms="6268" status="PASS">
          <reporter-output>
          </reporter-output>
        </test-method> <!-- TC08 -->
        <test-method signature="TC09()[pri:9, instance:tests.ProductTest@595b007d]" started-at="2023-02-16T14:17:56 CST" name="TC09" description="Pagination table shows elements" finished-at="2023-02-16T14:17:57 CST" duration-ms="630" status="FAIL">
          <exception class="java.lang.Error">
            <message>
              <![CDATA[ERROR EXIST!!]]>
            </message>
            <full-stacktrace>
              <![CDATA[java.lang.Error: ERROR EXIST!!
at tests.ProductTest.TC09(ProductTest.java:139)
at java.base/jdk.internal.reflect.NativeMethodAccessorImpl.invoke0(Native Method)
at java.base/jdk.internal.reflect.NativeMethodAccessorImpl.invoke(NativeMethodAccessorImpl.java:77)
at java.base/jdk.internal.reflect.DelegatingMethodAccessorImpl.invoke(DelegatingMethodAccessorImpl.java:43)
at java.base/java.lang.reflect.Method.invoke(Method.java:568)
at org.testng.internal.MethodInvocationHelper.invokeMethod(MethodInvocationHelper.java:133)
at org.testng.internal.TestInvoker.invokeMethod(TestInvoker.java:598)
at org.testng.internal.TestInvoker.invokeTestMethod(TestInvoker.java:173)
at org.testng.internal.MethodRunner.runInSequence(MethodRunner.java:46)
at org.testng.internal.TestInvoker$MethodInvocationAgent.invoke(TestInvoker.java:824)
at org.testng.internal.TestInvoker.invokeTestMethods(TestInvoker.java:146)
at org.testng.internal.TestMethodWorker.invokeTestMethods(TestMethodWorker.java:146)
at org.testng.internal.TestMethodWorker.run(TestMethodWorker.java:128)
at java.base/java.util.ArrayList.forEach(ArrayList.java:1511)
at org.testng.TestRunner.privateRun(TestRunner.java:794)
at org.testng.TestRunner.run(TestRunner.java:596)
at org.testng.SuiteRunner.runTest(SuiteRunner.java:377)
at org.testng.SuiteRunner.runSequentially(SuiteRunner.java:371)
at org.testng.SuiteRunner.privateRun(SuiteRunner.java:332)
at org.testng.SuiteRunner.run(SuiteRunner.java:276)
at org.testng.SuiteRunnerWorker.runSuite(SuiteRunnerWorker.java:53)
at org.testng.SuiteRunnerWorker.run(SuiteRunnerWorker.java:96)
at org.testng.TestNG.runSuitesSequentially(TestNG.java:1212)
at org.testng.TestNG.runSuitesLocally(TestNG.java:1134)
at org.testng.TestNG.runSuites(TestNG.java:1063)
at org.testng.TestNG.run(TestNG.java:1031)
at org.testng.remote.AbstractRemoteTestNG.run(AbstractRemoteTestNG.java:115)
at org.testng.remote.RemoteTestNG.initAndRun(RemoteTestNG.java:251)
at org.testng.remote.RemoteTestNG.main(RemoteTestNG.java:77)
]]>
            </full-stacktrace>
          </exception> <!-- java.lang.Error -->
          <reporter-output>
          </reporter-output>
        </test-method> <!-- TC09 -->
      </class> <!-- tests.ProductTest -->
      <class name="tests.FilterByPrice">
        <test-method is-config="true" signature="setUpClass()[pri:0, instance:tests.FilterByPrice@436813f3]" started-at="2023-02-16T14:18:03 CST" name="setUpClass" finished-at="2023-02-16T14:18:07 CST" duration-ms="3482" status="PASS">
          <reporter-output>
          </reporter-output>
        </test-method> <!-- setUpClass -->
        <test-method signature="TC11()[pri:0, instance:tests.FilterByPrice@436813f3]" started-at="2023-02-16T14:18:07 CST" name="TC11" finished-at="2023-02-16T14:18:10 CST" duration-ms="2930" status="PASS">
          <reporter-output>
          </reporter-output>
        </test-method> <!-- TC11 -->
      </class> <!-- tests.FilterByPrice -->
    </test> <!-- Test -->
  </suite> <!-- Suite -->
</testng-results>
